Init Cleanup 
D:\CWI\ABCBank\Servicos


Cleanup partially complete
Not Git Folders:9

########################################
Fetching and cleaning ABCBrasil.IB.Corporate.Migrations.ABCIBPJ
########################################

########################################
Fetching and cleaning ABCBrasil.IB.Corporate.Migrations.CentralNotificacao
########################################

########################################
Fetching and cleaning ABCBrasil.IB.Corporate.Migrations.Favorito
########################################

########################################
Fetching and cleaning ABCBrasil.IB.Corporate.Migrations.PixControleLimites
########################################

########################################
Fetching and cleaning ABCBrasil.IB.Corporate.Migrations.PixIntencao
########################################

########################################
Fetching and cleaning ABCBrasil.IB.Corporate.Migrations.PixLiquidacoes
########################################

########################################
Fetching and cleaning ABCBrasil.IB.Corporate.Migrations.Transferencia
########################################

########################################
Fetching and cleaning Authorization.Api
########################################

########################################
Fetching and cleaning AutorizarTransacoes.Api
########################################

########################################
Fetching and cleaning Backoffice.Api
########################################

########################################
Fetching and cleaning Backoffice.GestaoUsuarios.Api
########################################

########################################
Fetching and cleaning BoletosCobranca.Api
########################################

########################################
Fetching and cleaning Cobranca.Api
########################################

########################################
Fetching and cleaning Comprovante.Api
########################################

########################################
Fetching and cleaning ConsultaTransacoes.Api
########################################

########################################
Fetching and cleaning ControleLimites.Api
########################################

########################################
Fetching and cleaning DebitoDiretoAutorizado.API
########################################

########################################
Fetching and cleaning Favoritos.Api
########################################

########################################
Fetching and cleaning GestaoToken.Api
########################################

########################################
Fetching and cleaning GestaoUsuarios.Api
########################################

########################################
Fetching and cleaning OpenFinance.Api
########################################

########################################
Fetching and cleaning Payments.Api
########################################

########################################
Fetching and cleaning Pix.Chaves.Api
########################################

########################################
Fetching and cleaning Pix.Consentimento.Api
########################################

########################################
Fetching and cleaning Pix.Contestacao.Api
########################################

########################################
Fetching and cleaning Pix.ControleLimites.Api
########################################

########################################
Fetching and cleaning Pix.CopiaCola.Api
########################################

########################################
Fetching and cleaning Pix.Devolucao.Api
########################################

########################################
Fetching and cleaning Pix.Historico.Api
########################################

########################################
Fetching and cleaning Pix.Intencao.Api
########################################

########################################
Fetching and cleaning Pix.Liquidacoes.Api
########################################

########################################
Fetching and cleaning Pix.PrePix.Api
########################################

########################################
Fetching and cleaning TransacoesAgendadas.Api
########################################

########################################
Fetching and cleaning TransactionManager.Api
########################################

########################################
Fetching and cleaning Transferencias.Api
########################################

########################################
Fetching and cleaning TransmissaoArquivos.Api
########################################

########################################
Fetching and cleaning ABCBrasil.Core.Comprovante.Api
########################################

########################################
Fetching and cleaning ABCBrasil.Core.DbConnect.Api
########################################

########################################
Fetching and cleaning Core.DataScience.Dsl.Lib
########################################

########################################
Fetching and cleaning Core.Dsl.Lib
########################################

########################################
Fetching and cleaning Arquivos.Dsl.Lib
########################################

########################################
Fetching and cleaning Authorization.Proxy.Dsl.Lib
########################################

########################################
Fetching and cleaning CentralNotificacao.Dsl.Lib
########################################

########################################
Fetching and cleaning Transacoes.Dsl.Lib
########################################

########################################
Fetching and cleaning ABCBrasil.ESB.Cobranca
########################################

########################################
Fetching and cleaning Arquivos.Job.ArquivoRemessa
########################################

########################################
Fetching and cleaning Arquivos.Job.ArquivoRetorno
########################################

########################################
Fetching and cleaning Arquivos.Job.RetornoCore
########################################

########################################
Fetching and cleaning CentralNotificacao.Job.Agregador
########################################

########################################
Fetching and cleaning CentralNotificacao.Job.EnvioEmail
########################################

########################################
Fetching and cleaning CentralNotificacao.Job.Processamento
########################################

########################################
Fetching and cleaning CentralNotificacao.Job.Validacao
########################################

########################################
Fetching and cleaning ABCBrasil.IB.Corporate.RecebeTransferenciasArquivos.Robot
########################################

########################################
Fetching and cleaning ConsultaCIP.Robot
########################################

########################################
Fetching and cleaning ExportacaoConsultaTransacoes.Robot
########################################

########################################
Fetching and cleaning NotificacaoInicializadora.Robot
########################################

########################################
Fetching and cleaning OldRecebePagamentosArquivos.Robot
########################################

########################################
Fetching and cleaning Pix.Contestacao.Robot
########################################

########################################
Fetching and cleaning ProcessaLoteDDA.Robot
########################################

########################################
Fetching and cleaning ProcessaLotePagamentos.Robot
########################################

########################################
Fetching and cleaning RecebePagamentosArquivos.Robot
########################################

########################################
Fetching and cleaning ABCBrasil.IB.Corporate.Template.Api
########################################

########################################
Fetching and cleaning ABCBrasil.IB.Corporate.Template.Robot
########################################

Cleanup complete

Git Folders: 63
Not Git Folders: 9
Summary from Not Git Folders: 7

D:\CWI\ABCBank\Servicos\POCs\CentralNotificacao
D:\CWI\ABCBank\Servicos\POCs\ContratosJson
D:\CWI\ABCBank\Servicos\POCs\Frontend
D:\CWI\ABCBank\Servicos\Producer.SQS.Api\.cr
D:\CWI\ABCBank\Servicos\Producer.SQS.Api\.vscode
D:\CWI\ABCBank\Servicos\Producer.SQS.Api\Producer.SQS.Api
D:\CWI\ABCBank\Servicos\Robos\ABCBrasil.IB.Corporate.RecebePagamentosArquivos.Robot
